ISim log file
Running: C:\Users\Phillip\Dropbox\workspace\class_projects\MS1553_Interface\XilinxProject\System_System_sch_tb_isim_beh.exe -intstyle ise -gui -tclbatch isim.cmd -wdb C:/Users/Phillip/Dropbox/workspace/class_projects/MS1553_Interface/XilinxProject/System_System_sch_tb_isim_beh.wdb 
ISim P.15xf (signature 0xc3576ebc)
This is a Full version of ISim.
Time resolution is 1 ps
# onerror resume
# wave add /
# run 1000 ns
Simulator is doing circuit initialization process.
Finished circuit initialization process.
# run 1.00us
# run 1.00us
# run 1.00us
# run 1.00us
# run 1.00us
# run 1.00us
# run 1.00us
# run 1.00us
# run 1.00us
# run 1.00us
# run 1.00us
# run 1.00us
# run 1.00us
# run 1.00us
# run 1.00us
# run 1.00us
# run 1.00us
# run 1.00us
# run 1.00us
# run 1.00us
# run 1.00us
# run 1.00us
