Release 13.4 - ngc2edif O.87xd (nt64)
Copyright (c) 1995-2011 Xilinx, Inc.  All rights reserved.
Reading design System.ngc ...
WARNING:NetListWriters:298 - No output is written to System.xncf, ignored.
Processing design ...
   Preping design's networks ...
   Preping design's macros ...
WARNING:NetListWriters:306 - Signal bus
   XLXI_1/MCYCLE[2]_ADDRESS_OUT[15]_wide_mux_1149_OUT[15 : 0] on block System is
   not reconstructed, because there are some missing bus signals.
  finished :Prep
Writing EDIF netlist file System.edif ...
ngc2edif: Total memory usage is 79752 kilobytes

Release 13.4 - ngc2edif O.87xd (nt64)
Copyright (c) 1995-2011 Xilinx, Inc.  All rights reserved.
Reading design Memory.ngc ...
WARNING:NetListWriters:298 - No output is written to Memory.xncf, ignored.
Processing design ...
   Preping design's networks ...
   Preping design's macros ...
  finished :Prep
Writing EDIF netlist file Memory.edif ...
ngc2edif: Total memory usage is 82476 kilobytes

